[2025-11-18T12:22:29.156Z] [LOG] messages.upsert::::: [
  {
    "key": {
      "remoteJid": "120363418319340755@g.us",
      "fromMe": true,
      "id": "3EB04F4342827F69C75576",
      "participant": "63917887893694@lid",
      "addressingMode": "lid"
    },
    "messageTimestamp": 1763468230,
    "pushName": "Rafael Dorneles Logicbox",
    "broadcast": false,
    "status": 2,
    "message": {
      "conversation": "dei uma reiniciada na ferramenta",
      "senderKeyDistributionMessage": {
        "groupId": "120363418319340755@g.us",
        "axolotlSenderKeyDistributionMessage": "MwiXn8G3BhAAGiCChXUcauRRPIoDhuSYwqUBK7RVJqH1kIvlvLguDfkJ/yIhBTLF2q91tJ5z0yQixPy6n/bUgblru2A46cTgG5vOa/J9"
      },
      "messageContextInfo": {
        "messageSecret": "VeGAHujH4VlcmSAM3LqtTaqtuF495Z2+MM2pbSiimL4=",
        "limitSharingV2": {
          "trigger": "UNKNOWN",
          "initiatedByMe": false
        }
      }
    },
    "verifiedBizName": "Rafael Dorneles Logicbox"
  },
  {
    "key": {
      "remoteJid": "555193374792@s.whatsapp.net",
      "remoteJidAlt": "26066324324442@lid",
      "fromMe": false,
      "id": "3EB098D2425044F7526999",
      "participant": "",
      "addressingMode": "pn"
    },
    "messageTimestamp": 1763468338,
    "pushName": "Roger Oliveira",
    "broadcast": false,
    "message": {
      "extendedTextMessage": {
        "text": "acho que tu já viu, mas não estão chegando as mensagens",
        "contextInfo": {
          "ephemeralSettingTimestamp": "1763467030",
          "disappearingMode": {
            "initiator": "CHANGED_IN_CHAT",
            "trigger": "CHAT_SETTING",
            "initiatedByMe": true
          }
        },
        "inviteLinkGroupTypeV2": "DEFAULT"
      },
      "messageContextInfo": {
        "deviceListMetadata": {
          "senderKeyHash": "O8GeyPU4aTxk4w==",
          "senderTimestamp": "1762858556",
          "senderAccountType": "E2EE",
          "receiverAccountType": "E2EE",
          "recipientKeyHash": "fRa0j4zYe2Euyw==",
          "recipientTimestamp": "1763407574"
        },
        "deviceListMetadataVersion": 2,
        "messageSecret": "WDTi/y1B0bu0S5J26ZHnw/1mFPDlrnjxxd4RXiBOcu8=",
        "limitSharingV2": {
          "trigger": "UNKNOWN",
          "initiatedByMe": false
        }
      }
    },
    "status": 4
  },
  {
    "key": {
      "remoteJid": "120363224966069286@g.us",
      "fromMe": false,
      "id": "A57D836C216734812B30BB33A9CD4870",
      "participant": "59863489089600@lid",
      "participantAlt": "555491307104@s.whatsapp.net",
      "addressingMode": "lid"
    },
    "messageTimestamp": 1763468350,
    "pushName": "SUPERMERCADO LEIMANN",
    "broadcast": false,
    "message": {
      "conversation": "Sim",
      "messageContextInfo": {
        "messageSecret": "DRNeu7gVR7WuTtyWLqFSQsbOK1GAwKb6HCXh+jOYArE="
      }
    }
  },
  {
    "key": {
      "remoteJid": "120363224966069286@g.us",
      "fromMe": false,
      "id": "A553649A6D71A00BCA3F72E81A856BA8",
      "participant": "59863489089600@lid",
      "participantAlt": "555491307104@s.whatsapp.net",
      "addressingMode": "lid"
    },
    "messageTimestamp": 1763468351,
    "pushName": "SUPERMERCADO LEIMANN",
    "broadcast": false,
    "message": {
      "conversation": "Muito Obrigada",
      "messageContextInfo": {
        "messageSecret": "mratdCVYL9nGMSum6NV2xE9dnYNPDrCMB/3H60RpbX0="
      }
    }
  },
  {
    "key": {
      "remoteJid": "555193374792@s.whatsapp.net",
      "remoteJidAlt": "26066324324442@lid",
      "fromMe": true,
      "id": "3EB068D20277871D813435",
      "participant": "",
      "addressingMode": "pn"
    },
    "messageTimestamp": 1763468390,
    "pushName": "Rafael Dorneles Logicbox",
    "broadcast": false,
    "status": 2,
    "message": {
      "extendedTextMessage": {
        "text": "Sim to acompanhando",
        "contextInfo": {
          "ephemeralSettingTimestamp": "1763467030",
          "disappearingMode": {
            "initiator": "CHANGED_IN_CHAT",
            "trigger": "CHAT_SETTING",
            "initiatedByMe": false
          }
        },
        "inviteLinkGroupTypeV2": "DEFAULT"
      }
    }
  }
]
[2025-11-18T12:22:51.409Z] [LOG] messages.upsert::::: [
  {
    "key": {
      "remoteJid": "555192718953-1551144060@g.us",
      "fromMe": false,
      "id": "3EB0F584045D1BFAEE5A38",
      "participant": "223707800797398@lid",
      "participantAlt": "555130763347@s.whatsapp.net",
      "addressingMode": "lid"
    },
    "messageTimestamp": 1763468570,
    "pushName": "Marcio",
    "broadcast": false,
    "message": {
      "senderKeyDistributionMessage": {
        "groupId": "555192718953-1551144060@g.us",
        "axolotlSenderKeyDistributionMessage": "Mwi+m93YBBAJGiC9XexWTYdHjUmrcaMESfqEPC97fCvucHRkZOAnmq/YqiIhBcutFf1plOnAiJUYDxE/7s3TTx0i5k0Wi1pxyq3pEcAS"
      },
      "extendedTextMessage": {
        "text": "https://zoom.us/j/93205704412?pwd=8fyAEa39B2o6ZWVaGN60JUiir5HT9E.1",
        "matchedText": "https://zoom.us/j/93205704412?pwd=8fyAEa39B2o6ZWVaGN60JUiir5HT9E.1",
        "description": "https://zoom.us/j/93205704412?pwd=8fyAEa39B2o6ZWVaGN60JUiir5HT9E.1",
        "title": "zoom.us",
        "previewType": "NONE",
        "contextInfo": {
          "disappearingMode": {
            "initiator": "CHANGED_IN_CHAT"
          }
        },
        "inviteLinkGroupTypeV2": "DEFAULT"
      },
      "messageContextInfo": {
        "messageSecret": "zckHGUSrK9BNhDHEhcItGYW0Wf2/PgJQXaSzAjZXINw=",
        "limitSharingV2": {
          "trigger": "UNKNOWN",
          "initiatedByMe": false
        }
      }
    },
    "verifiedBizName": "Marcio"
  }
]
[2025-11-18T12:22:51.463Z] [LOG] messages.upsert::::: [
  {
    "key": {
      "remoteJid": "555192718953-1551144060@g.us",
      "fromMe": false,
      "id": "3EB0F584045D1BFAEE5A38",
      "participant": "223707800797398@lid",
      "participantAlt": "555130763347@s.whatsapp.net",
      "addressingMode": "lid"
    },
    "messageTimestamp": 1763468570,
    "pushName": "Marcio",
    "broadcast": false,
    "message": {
      "senderKeyDistributionMessage": {
        "groupId": "555192718953-1551144060@g.us",
        "axolotlSenderKeyDistributionMessage": "Mwi+m93YBBAJGiC9XexWTYdHjUmrcaMESfqEPC97fCvucHRkZOAnmq/YqiIhBcutFf1plOnAiJUYDxE/7s3TTx0i5k0Wi1pxyq3pEcAS"
      },
      "extendedTextMessage": {
        "text": "https://zoom.us/j/93205704412?pwd=8fyAEa39B2o6ZWVaGN60JUiir5HT9E.1",
        "matchedText": "https://zoom.us/j/93205704412?pwd=8fyAEa39B2o6ZWVaGN60JUiir5HT9E.1",
        "description": "https://zoom.us/j/93205704412?pwd=8fyAEa39B2o6ZWVaGN60JUiir5HT9E.1",
        "title": "zoom.us",
        "previewType": "NONE",
        "contextInfo": {
          "disappearingMode": {
            "initiator": "CHANGED_IN_CHAT"
          }
        },
        "inviteLinkGroupTypeV2": "DEFAULT"
      },
      "messageContextInfo": {
        "messageSecret": "zckHGUSrK9BNhDHEhcItGYW0Wf2/PgJQXaSzAjZXINw=",
        "limitSharingV2": {
          "trigger": "UNKNOWN",
          "initiatedByMe": false
        }
      }
    },
    "verifiedBizName": "Marcio"
  }
]
[2025-11-18T12:22:51.626Z] [LOG] JID não encontrado na LIDMappingStore para o PN: 555192718953-1551144060@g.us
[2025-11-18T12:22:51.627Z] [LOG] JID final para envio: 555130763347@s.whatsapp.net
[2025-11-18T12:22:51.629Z] [LOG] RemoteJid nao contem @lid: 555192718953-1551144060@g.us
[2025-11-18T12:22:51.631Z] [LOG] DEBUG - jid: 555130763347@s.whatsapp.net
[2025-11-18T12:22:51.632Z] [LOG] DEBUG - lid: 
[2025-11-18T12:22:51.633Z] [LOG] DEBUG - isGroup: true
[2025-11-18T12:22:51.634Z] [LOG] senderId::::: 223707800797398@lid
[2025-11-18T12:22:51.647Z] [LOG] msgContact::: {
  "id": "223707800797398@lid",
  "name": "Marcio",
  "lid": null
}
[2025-11-18T12:22:52.448Z] [LOG] contactData::::: {
  "name": "Programação Logicbox",
  "number": "555192718953-1551144060",
  "lid": null,
  "profilePicUrl": "https://pps.whatsapp.net/v/t61.24694-24/57499596_572383493281937_8317056559267971072_n.jpg?stp=dst-jpg_s96x96_tt6&ccb=11-4&oh=01_Q5Aa3AFZ7eXIvXdWdrfW9vxsrN2aTRVbfcmGwIFTu8521xmaow&oe=69297521&_nc_sid=5e03e0&_nc_cat=102",
  "isGroup": true,
  "companyId": 1,
  "whatsappId": 13,
  "pushName": "Programação Logicbox"
}
[2025-11-18T12:22:52.448Z] [LOG] Procurando ou criando contato: 555192718953-1551144060 (LID: N/A) na empresa 1
[2025-11-18T12:22:52.452Z] [LOG] Contato encontrado pelo number: 555192718953-1551144060
[2025-11-18T12:22:52.454Z] [LOG] null
[2025-11-18T12:22:52.466Z] [LOG] msgContact2::: {
  "id": "223707800797398@lid",
  "name": "Marcio",
  "lid": null
}
[2025-11-18T12:22:52.467Z] [LOG] groupContact::: {
  "id": 2380,
  "name": "Programação Logicbox",
  "number": "555192718953-1551144060",
  "email": "",
  "profilePicUrl": "https://pps.whatsapp.net/v/t61.24694-24/57499596_572383493281937_8317056559267971072_n.jpg?stp=dst-jpg_s96x96_tt6&ccb=11-4&oh=01_Q5Aa3AFZ7eXIvXdWdrfW9vxsrN2aTRVbfcmGwIFTu8521xmaow&oe=69297521&_nc_sid=5e03e0&_nc_cat=102",
  "isGroup": true,
  "active": true,
  "companyId": 1,
  "disableBot": false,
  "whatsappId": null,
  "lid": null,
  "createdAt": "2025-10-01T18:36:08.331Z",
  "updatedAt": "2025-11-18T12:22:52.453Z"
}
[2025-11-18T12:22:52.756Z] [LOG] contactData::::: {
  "name": "Marcio",
  "number": "223707800797398",
  "lid": null,
  "profilePicUrl": "https://pps.whatsapp.net/v/t61.24694-24/170122909_1194507574757689_593740149463683560_n.jpg?stp=dst-jpg_s96x96_tt6&ccb=11-4&oh=01_Q5Aa3AGZfEikbrbwS4D4vxB2Efm_tUHJ3FocpY-o09p2Q7SVpg&oe=6929821A&_nc_sid=5e03e0&_nc_cat=106",
  "isGroup": false,
  "companyId": 1,
  "whatsappId": 13,
  "pushName": "Marcio"
}
[2025-11-18T12:22:52.757Z] [LOG] Procurando ou criando contato: 223707800797398 (LID: N/A) na empresa 1
[2025-11-18T12:22:52.758Z] [LOG] Contato encontrado pelo number: 223707800797398
[2025-11-18T12:22:52.759Z] [LOG] null
[2025-11-18T12:22:52.781Z] [LOG] 🔍 Buscando ticket para contato 223707800797398 na conexão 13: #3358 (pending)
[2025-11-18T12:22:52.782Z] [LOG] 🔍 Ticket encontrado: #3358 - Status: pending, UserId: null
[2025-11-18T12:22:52.782Z] [LOG] 📝 Atualizando ticket status: pending
[2025-11-18T12:24:36.549Z] [LOG] messages.upsert::::: [
  {
    "key": {
      "remoteJid": "120363418319340755@g.us",
      "fromMe": false,
      "id": "3EB0E11E6170F3F3C956CB",
      "participant": "201936578056413@lid",
      "participantAlt": "555189096215@s.whatsapp.net",
      "addressingMode": "lid"
    },
    "messageTimestamp": 1763468676,
    "pushName": "Souza Logicbox",
    "broadcast": false,
    "message": {
      "conversation": "Ok",
      "senderKeyDistributionMessage": {
        "groupId": "120363418319340755@g.us",
        "axolotlSenderKeyDistributionMessage": "MwiAmqyFBhAEGiDgD2vDzQGBLCzxDVzsGtNJo9L90oEtYj93yxJprlY7NyIhBTHuiQ+Lm3vp0eASrfWOSy7Q8GbaAhDqcYjM8Xcv8kY1"
      },
      "messageContextInfo": {
        "messageSecret": "24FgjWUXNwGBPYL7qi//4t6KYcjM2kmmcDNTLPTWW7o="
      }
    },
    "verifiedBizName": "Souza Logicbox"
  }
]
[2025-11-18T12:26:34.304Z] [LOG] messages.upsert::::: [
  {
    "key": {
      "remoteJid": "120363403624824524@g.us",
      "fromMe": false,
      "id": "A50717F322D607583EDFBC425F35253E",
      "participant": "26710502306044@lid",
      "participantAlt": "555197200348@s.whatsapp.net",
      "addressingMode": "lid"
    },
    "messageTimestamp": 1763468793,
    "pushName": "Super Valdir",
    "broadcast": false,
    "message": {
      "conversation": "Sabe se demora amigo ? \nAgora pela manhã são somente dois caixas operando",
      "messageContextInfo": {
        "messageSecret": "lJlw5XNnrfuGofKCvBziu5LDZrkny7xRbs5+9MjPgv0="
      }
    }
  }
]
[2025-11-18T12:26:34.901Z] [LOG] messages.upsert::::: [
  {
    "key": {
      "remoteJid": "120363224966069286@g.us",
      "fromMe": false,
      "id": "3EB07F568F5599276D8E65",
      "participant": "56534939775231@lid",
      "participantAlt": "555130763311@s.whatsapp.net",
      "addressingMode": "lid"
    },
    "messageTimestamp": 1763468794,
    "pushName": "Logicbox Automação",
    "broadcast": false,
    "message": {
      "extendedTextMessage": {
        "text": "*Gabriel Rosa:*\ndisponha",
        "contextInfo": {
          "forwardingScore": 0,
          "isForwarded": false
        }
      }
    }
  }
]
[2025-11-18T12:29:06.030Z] [LOG] messages.upsert::::: [
  {
    "key": {
      "remoteJid": "120363403624824524@g.us",
      "fromMe": false,
      "id": "3EB03703AED5CBFBFB54C9",
      "participant": "56534939775231@lid",
      "participantAlt": "555130763311@s.whatsapp.net",
      "addressingMode": "lid"
    },
    "messageTimestamp": 1763468945,
    "pushName": "Logicbox Automação",
    "broadcast": false,
    "message": {
      "extendedTextMessage": {
        "text": "*Rodrigues:*\nOs caixas não esta replicando para o servidor desde dia 13/11",
        "contextInfo": {
          "forwardingScore": 0,
          "isForwarded": false
        }
      }
    }
  }
]
[2025-11-18T12:29:39.197Z] [LOG] messages.upsert::::: [
  {
    "key": {
      "remoteJid": "120363403624824524@g.us",
      "fromMe": false,
      "id": "3EB0165DEA4F77BDF5DC54",
      "participant": "56534939775231@lid",
      "participantAlt": "555130763311@s.whatsapp.net",
      "addressingMode": "lid"
    },
    "messageTimestamp": 1763468978,
    "pushName": "Logicbox Automação",
    "broadcast": false,
    "message": {
      "extendedTextMessage": {
        "text": "*Rodrigues:*\nEstou ajustando as venda para comunicar com o seu servidor",
        "contextInfo": {
          "forwardingScore": 0,
          "isForwarded": false
        }
      }
    }
  }
]
[2025-11-18T12:29:50.380Z] [LOG] messages.upsert::::: [
  {
    "key": {
      "remoteJid": "555198226776-1418738828@g.us",
      "fromMe": false,
      "id": "3EB00CA8AB8CF74EFE78E1",
      "participant": "43830191648986@lid",
      "participantAlt": "555192138577@s.whatsapp.net",
      "addressingMode": "lid"
    },
    "messageTimestamp": 1763468989,
    "pushName": "Valéria Martins",
    "broadcast": false,
    "message": {
      "conversation": "Olá,  Bom dia pessoal lembrando que daqui a pouco teremos nossa reunião 10h.",
      "senderKeyDistributionMessage": {
        "groupId": "555198226776-1418738828@g.us",
        "axolotlSenderKeyDistributionMessage": "MwicnLmWAhAAGiDrCmPTA5s726m6jtyGAy1Eaq5sEiZlKRdXWDAefllVyiIhBRUkSWYUkuVL6Jh+xbyQSCQUqcQRBgObpydcuOWuIII/"
      },
      "messageContextInfo": {
        "messageSecret": "gR01tB4Q3aznq2ExTjY3LHNJiHc7tDwPV0yOcIVp4cA=",
        "limitSharingV2": {
          "trigger": "UNKNOWN",
          "initiatedByMe": false
        }
      }
    }
  }
]
[2025-11-18T12:29:50.429Z] [LOG] messages.upsert::::: [
  {
    "key": {
      "remoteJid": "555198226776-1418738828@g.us",
      "fromMe": false,
      "id": "3EB00CA8AB8CF74EFE78E1",
      "participant": "43830191648986@lid",
      "participantAlt": "555192138577@s.whatsapp.net",
      "addressingMode": "lid"
    },
    "messageTimestamp": 1763468989,
    "pushName": "Valéria Martins",
    "broadcast": false,
    "message": {
      "conversation": "Olá,  Bom dia pessoal lembrando que daqui a pouco teremos nossa reunião 10h.",
      "senderKeyDistributionMessage": {
        "groupId": "555198226776-1418738828@g.us",
        "axolotlSenderKeyDistributionMessage": "MwicnLmWAhAAGiDrCmPTA5s726m6jtyGAy1Eaq5sEiZlKRdXWDAefllVyiIhBRUkSWYUkuVL6Jh+xbyQSCQUqcQRBgObpydcuOWuIII/"
      },
      "messageContextInfo": {
        "messageSecret": "gR01tB4Q3aznq2ExTjY3LHNJiHc7tDwPV0yOcIVp4cA=",
        "limitSharingV2": {
          "trigger": "UNKNOWN",
          "initiatedByMe": false
        }
      }
    }
  }
]
[2025-11-18T12:29:50.586Z] [LOG] JID não encontrado na LIDMappingStore para o PN: 555198226776-1418738828@g.us
[2025-11-18T12:29:50.586Z] [LOG] JID final para envio: 555192138577@s.whatsapp.net
[2025-11-18T12:29:50.587Z] [LOG] RemoteJid nao contem @lid: 555198226776-1418738828@g.us
[2025-11-18T12:29:50.587Z] [LOG] DEBUG - jid: 555192138577@s.whatsapp.net
[2025-11-18T12:29:50.587Z] [LOG] DEBUG - lid: 
[2025-11-18T12:29:50.588Z] [LOG] DEBUG - isGroup: true
[2025-11-18T12:29:50.588Z] [LOG] senderId::::: 43830191648986@lid
[2025-11-18T12:29:50.589Z] [LOG] msgContact::: {
  "id": "43830191648986@lid",
  "name": "Valéria Martins",
  "lid": null
}
[2025-11-18T12:29:51.551Z] [LOG] contactData::::: {
  "name": "Revendas",
  "number": "555198226776-1418738828",
  "lid": null,
  "profilePicUrl": "https://pps.whatsapp.net/v/t61.24694-24/420077609_358273726643184_5640526271954940531_n.jpg?stp=dst-jpg_s96x96_tt6&ccb=11-4&oh=01_Q5Aa3AH8Cx4yHQyLO5glj84muh7RIoET18N8kWhjTTMIqAk81g&oe=69298EF2&_nc_sid=5e03e0&_nc_cat=105",
  "isGroup": true,
  "companyId": 1,
  "whatsappId": 13,
  "pushName": "Revendas"
}
[2025-11-18T12:29:51.552Z] [LOG] Procurando ou criando contato: 555198226776-1418738828 (LID: N/A) na empresa 1
[2025-11-18T12:29:51.554Z] [LOG] Contato encontrado pelo number: 555198226776-1418738828
[2025-11-18T12:29:51.555Z] [LOG] null
[2025-11-18T12:29:51.566Z] [LOG] msgContact2::: {
  "id": "43830191648986@lid",
  "name": "Valéria Martins",
  "lid": null
}
[2025-11-18T12:29:51.567Z] [LOG] groupContact::: {
  "id": 2670,
  "name": "Revendas",
  "number": "555198226776-1418738828",
  "email": "",
  "profilePicUrl": "https://pps.whatsapp.net/v/t61.24694-24/420077609_358273726643184_5640526271954940531_n.jpg?stp=dst-jpg_s96x96_tt6&ccb=11-4&oh=01_Q5Aa3AH8Cx4yHQyLO5glj84muh7RIoET18N8kWhjTTMIqAk81g&oe=69298EF2&_nc_sid=5e03e0&_nc_cat=105",
  "isGroup": true,
  "active": true,
  "companyId": 1,
  "disableBot": false,
  "whatsappId": null,
  "lid": null,
  "createdAt": "2025-10-07T17:13:18.706Z",
  "updatedAt": "2025-11-18T12:29:51.555Z"
}
[2025-11-18T12:29:52.149Z] [LOG] contactData::::: {
  "name": "Valéria Martins",
  "number": "43830191648986",
  "lid": null,
  "profilePicUrl": "https://pps.whatsapp.net/v/t61.24694-24/286408582_705594727214236_8469764938911867579_n.jpg?stp=dst-jpg_s96x96_tt6&ccb=11-4&oh=01_Q5Aa3AFBrQUrSpkXuFap9i2rHCEwRnBypeWjKAZZK8UfS7MOEQ&oe=6929615D&_nc_sid=5e03e0&_nc_cat=106",
  "isGroup": false,
  "companyId": 1,
  "whatsappId": 13,
  "pushName": "Valéria Martins"
}
[2025-11-18T12:29:52.150Z] [LOG] Procurando ou criando contato: 43830191648986 (LID: N/A) na empresa 1
[2025-11-18T12:29:52.152Z] [LOG] Contato encontrado pelo number: 43830191648986
[2025-11-18T12:29:52.153Z] [LOG] null
[2025-11-18T12:29:52.177Z] [LOG] 🔍 Buscando ticket para contato 43830191648986 na conexão 13: #3361 (pending)
[2025-11-18T12:29:52.177Z] [LOG] 🔍 Ticket encontrado: #3361 - Status: pending, UserId: null
[2025-11-18T12:29:52.178Z] [LOG] 📝 Atualizando ticket status: pending
[2025-11-18T12:29:54.186Z] [LOG] messages.upsert::::: [
  {
    "key": {
      "remoteJid": "120363169786698052@g.us",
      "fromMe": false,
      "id": "3EB08A344F07E390635F60",
      "participant": "56534939775231@lid",
      "participantAlt": "555130763311@s.whatsapp.net",
      "addressingMode": "lid"
    },
    "messageTimestamp": 1763468993,
    "pushName": "Logicbox Automação",
    "broadcast": false,
    "message": {
      "senderKeyDistributionMessage": {
        "groupId": "120363169786698052@g.us",
        "axolotlSenderKeyDistributionMessage": "Mwivwq78BxAAGiAKwCpdeP1Wkcnbyj8fJIbeD20stRUbJNLSO/eVOupJDCIhBTe0R0OWNiV8eC9tY95F/bIh4t1OTQZc3IhCZvEGCowg"
      },
      "extendedTextMessage": {
        "text": "*Anderson Paiva:*\nbom dia, tem cupons em contigência, vou acessar o servidor",
        "contextInfo": {
          "forwardingScore": 0,
          "isForwarded": false
        }
      }
    },
    "verifiedBizName": "Logicbox Automação"
  }
]
[2025-11-18T12:30:07.954Z] [LOG] messages.upsert::::: [
  {
    "key": {
      "remoteJid": "555198226776-1418738828@g.us",
      "fromMe": false,
      "id": "A518C4EB425BAD583ADD7830CB757381",
      "participant": "254223442788431@lid",
      "participantAlt": "555199411510@s.whatsapp.net",
      "addressingMode": "lid"
    },
    "messageTimestamp": 1763469007,
    "pushName": "joel Silveira",
    "broadcast": false,
    "message": {
      "senderKeyDistributionMessage": {
        "groupId": "555198226776-1418738828@g.us",
        "axolotlSenderKeyDistributionMessage": "Mwib04vEBBAAGiBIJN0YIauOmegt5dQ85AuxyDIboegoH9DwcTKw8HbV6CIhBQWnbrk9MaUPD/cq7qbfLYSB2vPHCOWkKskhvjcIh15i"
      },
      "messageContextInfo": {
        "deviceListMetadata": {
          "senderTimestamp": "1763034904",
          "recipientKeyHash": "fRa0j4zYe2Euyw==",
          "recipientTimestamp": "1763407574"
        },
        "deviceListMetadataVersion": 2
      },
      "reactionMessage": {
        "key": {
          "remoteJid": "555198226776-1418738828@g.us",
          "fromMe": false,
          "id": "3EB00CA8AB8CF74EFE78E1",
          "participant": "43830191648986@lid"
        },
        "text": "👍",
        "senderTimestampMs": "1763469005686"
      }
    }
  }
]
[2025-11-18T12:30:08.013Z] [LOG] messages.upsert::::: [
  {
    "key": {
      "remoteJid": "555198226776-1418738828@g.us",
      "fromMe": false,
      "id": "A518C4EB425BAD583ADD7830CB757381",
      "participant": "254223442788431@lid",
      "participantAlt": "555199411510@s.whatsapp.net",
      "addressingMode": "lid"
    },
    "messageTimestamp": 1763469007,
    "pushName": "joel Silveira",
    "broadcast": false,
    "message": {
      "senderKeyDistributionMessage": {
        "groupId": "555198226776-1418738828@g.us",
        "axolotlSenderKeyDistributionMessage": "Mwib04vEBBAAGiBIJN0YIauOmegt5dQ85AuxyDIboegoH9DwcTKw8HbV6CIhBQWnbrk9MaUPD/cq7qbfLYSB2vPHCOWkKskhvjcIh15i"
      },
      "messageContextInfo": {
        "deviceListMetadata": {
          "senderTimestamp": "1763034904",
          "recipientKeyHash": "oTD/2hjAaaPguQ==",
          "recipientTimestamp": "1763406669"
        },
        "deviceListMetadataVersion": 2
      },
      "reactionMessage": {
        "key": {
          "remoteJid": "555198226776-1418738828@g.us",
          "fromMe": false,
          "id": "3EB00CA8AB8CF74EFE78E1",
          "participant": "43830191648986@lid"
        },
        "text": "👍",
        "senderTimestampMs": "1763469005686"
      }
    }
  }
]
[2025-11-18T12:30:08.074Z] [LOG] JID não encontrado na LIDMappingStore para o PN: 555198226776-1418738828@g.us
[2025-11-18T12:30:08.074Z] [LOG] JID final para envio: 555199411510@s.whatsapp.net
[2025-11-18T12:30:08.074Z] [LOG] RemoteJid nao contem @lid: 555198226776-1418738828@g.us
[2025-11-18T12:30:08.075Z] [LOG] DEBUG - jid: 555199411510@s.whatsapp.net
[2025-11-18T12:30:08.075Z] [LOG] DEBUG - lid: 
[2025-11-18T12:30:08.075Z] [LOG] DEBUG - isGroup: true
[2025-11-18T12:30:08.076Z] [LOG] senderId::::: 254223442788431@lid
[2025-11-18T12:30:08.076Z] [LOG] msgContact::: {
  "id": "254223442788431@lid",
  "name": "joel Silveira",
  "lid": null
}
[2025-11-18T12:30:08.083Z] [LOG] msgContact2::: {
  "id": "254223442788431@lid",
  "name": "joel Silveira",
  "lid": null
}
[2025-11-18T12:30:08.094Z] [LOG] groupContact::: {
  "id": 2670,
  "name": "Revendas",
  "number": "555198226776-1418738828",
  "email": "",
  "profilePicUrl": "https://pps.whatsapp.net/v/t61.24694-24/420077609_358273726643184_5640526271954940531_n.jpg?stp=dst-jpg_s96x96_tt6&ccb=11-4&oh=01_Q5Aa3AH8Cx4yHQyLO5glj84muh7RIoET18N8kWhjTTMIqAk81g&oe=69298EF2&_nc_sid=5e03e0&_nc_cat=105",
  "isGroup": true,
  "active": true,
  "companyId": 1,
  "disableBot": false,
  "whatsappId": null,
  "lid": null,
  "createdAt": "2025-10-07T17:13:18.706Z",
  "updatedAt": "2025-11-18T12:29:51.555Z"
}
[2025-11-18T12:30:08.371Z] [LOG] contactData::::: {
  "name": "joel Silveira",
  "number": "254223442788431",
  "lid": null,
  "profilePicUrl": "https://pps.whatsapp.net/v/t61.24694-24/435061426_1653881275541367_889877695504968921_n.jpg?stp=dst-jpg_s96x96_tt6&ccb=11-4&oh=01_Q5Aa3AHadZLpvyPu1WpUnVNyZjrfbZeLjejwwZWfYqj-Vp_VJw&oe=69297FC0&_nc_sid=5e03e0&_nc_cat=100",
  "isGroup": false,
  "companyId": 1,
  "whatsappId": 13,
  "pushName": "joel Silveira"
}
[2025-11-18T12:30:08.371Z] [LOG] Procurando ou criando contato: 254223442788431 (LID: N/A) na empresa 1
[2025-11-18T12:30:08.374Z] [LOG] Contato encontrado pelo number: 254223442788431
[2025-11-18T12:30:08.375Z] [LOG] null
[2025-11-18T12:30:08.398Z] [LOG] 🔍 Buscando ticket para contato 254223442788431 na conexão 13: #3361 (pending)
[2025-11-18T12:30:08.399Z] [LOG] 🔍 Ticket encontrado: #3361 - Status: pending, UserId: null
[2025-11-18T12:30:08.400Z] [LOG] 📝 Atualizando ticket status: pending
[2025-11-18T12:30:11.525Z] [LOG] messages.upsert::::: [
  {
    "key": {
      "remoteJid": "120363403624824524@g.us",
      "fromMe": false,
      "id": "A57E9CE5D80D7ABCAC0DC421D3862831",
      "participant": "26710502306044@lid",
      "participantAlt": "555197200348@s.whatsapp.net",
      "addressingMode": "lid"
    },
    "messageTimestamp": 1763469011,
    "pushName": "Super Valdir",
    "broadcast": false,
    "message": {
      "conversation": "Ok",
      "messageContextInfo": {
        "messageSecret": "5CXgvo28JuAjcWfnK9ZAEvefyflZp/915qdwdURGZRo="
      }
    }
  }
]
[2025-11-18T12:30:19.703Z] [LOG] messages.upsert::::: [
  {
    "key": {
      "remoteJid": "555198226776-1418738828@g.us",
      "fromMe": false,
      "id": "2A1DFFE4EFAE4C19027F",
      "participant": "189799067562033@lid",
      "participantAlt": "555181355473@s.whatsapp.net",
      "addressingMode": "lid"
    },
    "messageTimestamp": 1763469019,
    "pushName": "Eduardo Edutel-EduPrint",
    "broadcast": false,
    "message": {
      "conversation": "Ok. Aguardando o link",
      "senderKeyDistributionMessage": {
        "groupId": "555198226776-1418738828@g.us",
        "axolotlSenderKeyDistributionMessage": "Mwjg0bKXBBAAGiBk0xDPTm59rkIiWBr7WDLfztbAzbEQO/6xMNCRl7V1ASIhBVJfMuoBftA3lJWf6cDHf10Lo//oIAAVPryopCxGOaY6"
      },
      "messageContextInfo": {
        "messageSecret": "Iela6FgeFc5dUvtZJfILaaKt/292C4/EdlpLZFW8eO0="
      }
    },
    "verifiedBizName": ""
  }
]
[2025-11-18T12:30:19.776Z] [LOG] messages.upsert::::: [
  {
    "key": {
      "remoteJid": "555198226776-1418738828@g.us",
      "fromMe": false,
      "id": "2A1DFFE4EFAE4C19027F",
      "participant": "189799067562033@lid",
      "participantAlt": "555181355473@s.whatsapp.net",
      "addressingMode": "lid"
    },
    "messageTimestamp": 1763469019,
    "pushName": "Eduardo Edutel-EduPrint",
    "broadcast": false,
    "message": {
      "conversation": "Ok. Aguardando o link",
      "senderKeyDistributionMessage": {
        "groupId": "555198226776-1418738828@g.us",
        "axolotlSenderKeyDistributionMessage": "Mwjg0bKXBBAAGiBk0xDPTm59rkIiWBr7WDLfztbAzbEQO/6xMNCRl7V1ASIhBVJfMuoBftA3lJWf6cDHf10Lo//oIAAVPryopCxGOaY6"
      },
      "messageContextInfo": {
        "messageSecret": "Iela6FgeFc5dUvtZJfILaaKt/292C4/EdlpLZFW8eO0="
      }
    },
    "verifiedBizName": ""
  }
]
[2025-11-18T12:30:19.911Z] [LOG] JID não encontrado na LIDMappingStore para o PN: 555198226776-1418738828@g.us
[2025-11-18T12:30:19.912Z] [LOG] JID final para envio: 555181355473@s.whatsapp.net
[2025-11-18T12:30:19.912Z] [LOG] RemoteJid nao contem @lid: 555198226776-1418738828@g.us
[2025-11-18T12:30:19.913Z] [LOG] DEBUG - jid: 555181355473@s.whatsapp.net
[2025-11-18T12:30:19.914Z] [LOG] DEBUG - lid: 
[2025-11-18T12:30:19.915Z] [LOG] DEBUG - isGroup: true
[2025-11-18T12:30:19.916Z] [LOG] senderId::::: 189799067562033@lid
[2025-11-18T12:30:19.918Z] [LOG] msgContact::: {
  "id": "189799067562033@lid",
  "name": "Eduardo Edutel-EduPrint",
  "lid": null
}
[2025-11-18T12:30:19.928Z] [LOG] msgContact2::: {
  "id": "189799067562033@lid",
  "name": "Eduardo Edutel-EduPrint",
  "lid": null
}
[2025-11-18T12:30:19.930Z] [LOG] groupContact::: {
  "id": 2670,
  "name": "Revendas",
  "number": "555198226776-1418738828",
  "email": "",
  "profilePicUrl": "https://pps.whatsapp.net/v/t61.24694-24/420077609_358273726643184_5640526271954940531_n.jpg?stp=dst-jpg_s96x96_tt6&ccb=11-4&oh=01_Q5Aa3AH8Cx4yHQyLO5glj84muh7RIoET18N8kWhjTTMIqAk81g&oe=69298EF2&_nc_sid=5e03e0&_nc_cat=105",
  "isGroup": true,
  "active": true,
  "companyId": 1,
  "disableBot": false,
  "whatsappId": null,
  "lid": null,
  "createdAt": "2025-10-07T17:13:18.706Z",
  "updatedAt": "2025-11-18T12:29:51.555Z"
}
[2025-11-18T12:30:20.219Z] [LOG] contactData::::: {
  "name": "Eduardo Edutel-EduPrint",
  "number": "189799067562033",
  "lid": null,
  "profilePicUrl": "https://pps.whatsapp.net/v/t61.24694-24/316907010_155026294075908_6531735577839341028_n.jpg?stp=dst-jpg_s96x96_tt6&ccb=11-4&oh=01_Q5Aa3AH0eSd6AzeA_MEmvhSGyjwMwoLifwmREfglR7hsFwoKXw&oe=6929895A&_nc_sid=5e03e0&_nc_cat=106",
  "isGroup": false,
  "companyId": 1,
  "whatsappId": 13,
  "pushName": "Eduardo Edutel-EduPrint"
}
[2025-11-18T12:30:20.220Z] [LOG] Procurando ou criando contato: 189799067562033 (LID: N/A) na empresa 1
[2025-11-18T12:30:20.223Z] [LOG] Contato encontrado pelo number: 189799067562033
[2025-11-18T12:30:20.224Z] [LOG] null
[2025-11-18T12:30:20.250Z] [LOG] 🔍 Buscando ticket para contato 189799067562033 na conexão 13: #3361 (pending)
[2025-11-18T12:30:20.250Z] [LOG] 🔍 Ticket encontrado: #3361 - Status: pending, UserId: null
[2025-11-18T12:30:20.251Z] [LOG] 📝 Atualizando ticket status: pending
[2025-11-18T12:30:49.753Z] [LOG] messages.upsert::::: [
  {
    "key": {
      "remoteJid": "120363403624824524@g.us",
      "fromMe": false,
      "id": "A58D748D8677D49B8DD524138D21066F",
      "participant": "26710502306044@lid",
      "participantAlt": "555197200348@s.whatsapp.net",
      "addressingMode": "lid"
    },
    "messageTimestamp": 1763469049,
    "pushName": "Super Valdir",
    "broadcast": false,
    "message": {
      "extendedTextMessage": {
        "text": "Seria notas em contingência?",
        "previewType": "NONE",
        "contextInfo": {
          "stanzaId": "3EB03703AED5CBFBFB54C9",
          "participant": "56534939775231@lid",
          "quotedMessage": {
            "conversation": "*Rodrigues:*\nOs caixas não esta replicando para o servidor desde dia 13/11"
          }
        },
        "inviteLinkGroupTypeV2": "DEFAULT"
      },
      "messageContextInfo": {
        "messageSecret": "fQKlsAT1AqLJcywVZIQTZXiCOOoIUPdSWKLnLEYFdQI="
      }
    }
  }
]
[2025-11-18T12:31:36.830Z] [LOG] messages.upsert::::: [
  {
    "key": {
      "remoteJid": "120363022999948876@g.us",
      "fromMe": false,
      "id": "3ADBC009249B9678A8B8",
      "participant": "227946916790448@lid",
      "participantAlt": "555180305717@s.whatsapp.net",
      "addressingMode": "lid"
    },
    "messageTimestamp": 1763469096,
    "pushName": "Luis",
    "broadcast": false,
    "message": {
      "senderKeyDistributionMessage": {
        "groupId": "120363022999948876@g.us",
        "axolotlSenderKeyDistributionMessage": "MwjsyMWzBBAAGiC0yGsYETwRf5tEP1yjR3QjjgT2wZgaFWP11LPHyvUtPSIhBdbMbFMPWO1Qx3JrDK2X1YiipJcwhRlUKC2KLK+C/7En"
      },
      "extendedTextMessage": {
        "text": "Bom dia @190013698515036 como procede a função nova em relação à itens em quantidades?\nExemplo: cliente levou 2 fardos de cerveja, mas na etiqueta ta com preço divergente do sistema.\nA fiscal me reportou esse problema com outro caso, o cliente levou 3 shampoo, com preço divergente e ela teve que dar desconto nos 3 itens separadamente",
        "contextInfo": {
          "stanzaId": "3EB035426BAA1E94444A7A",
          "participant": "190013698515036@lid",
          "quotedMessage": {
            "extendedTextMessage": {
              "text": "Atenção, Gerentes e Fiscais de Caixa\n\nA partir de amanhã, conforme alinhado com a direção do Super Bom, não será mais permitido conceder desconto no total do cupom para resolver divergências de preço por etiqueta incorreta.\n\nAtivaremos um novo procedimento utilizando as teclas Ctrl+F7 e Ctrl+F8, que permitirá ajustar o valor do item, e não do cupom inteiro.\n\nComo proceder em casos de divergência de preço:\n\nQuando o cliente informar que o preço do produto está diferente da etiqueta:\n\nO fiscal deve cancelar o item registrado com valor incorreto.\n\nAntes de registrar novamente:\n\nPressione Ctrl+F8.\n\nO sistema solicitará a leitura do cartão do fiscal.\n\nApós a leitura, aparecerá uma tela pedindo o valor correto do produto.\n\nDigite o valor conforme a etiqueta e confirme com Enter.\n\nEm seguida:\n\nLeia novamente o código de barras do item.\n\nO produto será registrado com o valor ajustado.\n\nImportante\n\nTodas as ocorrências devem ser registradas para o setor financeiro, sempre anexando foto da etiqueta incorreta para justificativa.\n\nTodos os caixas devem ser desligados hoje à noite, para que iniciem o expediente de amanhã já com a atualização ativa.\n\nAgradecemos a colaboração de todos.",
              "contextInfo": {
                "disappearingMode": {
                  "initiator": "CHANGED_IN_CHAT",
                  "trigger": "CHAT_SETTING",
                  "initiatedByMe": false
                }
              }
            }
          },
          "mentionedJid": [
            "190013698515036@lid"
          ],
          "disappearingMode": {
            "initiator": "CHANGED_IN_CHAT",
            "trigger": "CHAT_SETTING",
            "initiatedByMe": false
          }
        }
      },
      "messageContextInfo": {
        "messageSecret": "tWxbsPnGLlJRDeVU7O4wNCItF/gkozM4pNHitXKCfYo="
      }
    }
  }
]
[2025-11-18T12:31:38.585Z] [LOG] messages.upsert::::: [
  {
    "key": {
      "remoteJid": "120363169786698052@g.us",
      "fromMe": false,
      "id": "3EB0616DC9501098A85BA7",
      "participant": "11343511949545@lid",
      "participantAlt": "555496045499@s.whatsapp.net",
      "addressingMode": "lid"
    },
    "messageTimestamp": 1763469098,
    "pushName": "Mercado Perin Compras",
    "broadcast": false,
    "message": {
      "conversation": "ok",
      "messageContextInfo": {
        "messageSecret": "1/GsFvG+5pP21tDqAetQ+L7w6eM3NOG07M3N0eLbaWo="
      }
    }
  }
]
[2025-11-18T12:31:47.461Z] [LOG] messages.upsert::::: [
  {
    "key": {
      "remoteJid": "120363403624824524@g.us",
      "fromMe": false,
      "id": "3EB00CC848A26743DABE0D",
      "participant": "56534939775231@lid",
      "participantAlt": "555130763311@s.whatsapp.net",
      "addressingMode": "lid"
    },
    "messageTimestamp": 1763469106,
    "pushName": "Logicbox Automação",
    "broadcast": false,
    "message": {
      "extendedTextMessage": {
        "text": "*Rodrigues:*\nTbm",
        "contextInfo": {
          "stanzaId": "A58D748D8677D49B8DD524138D21066F",
          "participant": "26710502306044@lid",
          "quotedMessage": {
            "extendedTextMessage": {
              "text": "Seria notas em contingência?",
              "previewType": "NONE",
              "inviteLinkGroupTypeV2": "DEFAULT"
            }
          },
          "forwardingScore": 0,
          "isForwarded": false
        }
      }
    }
  }
]
[2025-11-18T12:32:02.891Z] [LOG] messages.upsert::::: [
  {
    "key": {
      "remoteJid": "120363169786698052@g.us",
      "fromMe": false,
      "id": "3EB025DC7E07DECAD34640",
      "participant": "56534939775231@lid",
      "participantAlt": "555130763311@s.whatsapp.net",
      "addressingMode": "lid"
    },
    "messageTimestamp": 1763469122,
    "pushName": "Logicbox Automação",
    "broadcast": false,
    "message": {
      "extendedTextMessage": {
        "text": "*Anderson Paiva:*\najustei as contigências, pode gerar o sped",
        "contextInfo": {
          "forwardingScore": 0,
          "isForwarded": false
        }
      }
    }
  }
]
[2025-11-18T12:32:29.638Z] [LOG] messages.upsert::::: [
  {
    "key": {
      "remoteJid": "120363403624824524@g.us",
      "fromMe": false,
      "id": "A5CB565A5AC6A21DB472BD9DB10AF1A0",
      "participant": "26710502306044@lid",
      "participantAlt": "555197200348@s.whatsapp.net",
      "addressingMode": "lid"
    },
    "messageTimestamp": 1763469149,
    "pushName": "Super Valdir",
    "broadcast": false,
    "message": {
      "conversation": "E é algo que é feito ao operar o cx?",
      "messageContextInfo": {
        "messageSecret": "oIYG4A+fIV9U0RCI1OE4gmBuJIzzE9CJtUnMDL0M8U8="
      }
    }
  }
]
